Analysis & Synthesis report for DE1_SOC
Fri Nov 01 16:26:51 2019
Quartus Prime Version 18.0.0 Build 614 04/24/2018 SJ Lite Edition


---------------------
; Table of Contents ;
---------------------
  1. Legal Notice
  2. Analysis & Synthesis Summary
  3. Analysis & Synthesis Settings
  4. Parallel Compilation
  5. Analysis & Synthesis Source Files Read
  6. Analysis & Synthesis Resource Usage Summary
  7. Analysis & Synthesis Resource Utilization by Entity
  8. Analysis & Synthesis IP Cores Summary
  9. General Register Statistics
 10. Multiplexer Restructuring Statistics (Restructuring Performed)
 11. Parameter Settings for User Entity Instance: MS:ms_1|lpm_mux:LPM_MUX_component
 12. Port Connectivity Checks: "BCD2HEX:bin2hexHunds"
 13. Port Connectivity Checks: "BIN2BCD:bin2bcd|CAdd:C6"
 14. Port Connectivity Checks: "BIN2BCD:bin2bcd|CAdd:C1"
 15. Post-Synthesis Netlist Statistics for Top Partition
 16. Elapsed Time Per Partition
 17. Analysis & Synthesis Messages



----------------
; Legal Notice ;
----------------
Copyright (C) 2018  Intel Corporation. All rights reserved.
Your use of Intel Corporation's design tools, logic functions 
and other software and tools, and its AMPP partner logic 
functions, and any output files from any of the foregoing 
(including device programming or simulation files), and any 
associated documentation or information are expressly subject 
to the terms and conditions of the Intel Program License 
Subscription Agreement, the Intel Quartus Prime License Agreement,
the Intel FPGA IP License Agreement, or other applicable license
agreement, including, without limitation, that your use is for
the sole purpose of programming logic devices manufactured by
Intel and sold by Intel or its authorized distributors.  Please
refer to the applicable agreement for further details.



+-------------------------------------------------------------------------------+
; Analysis & Synthesis Summary                                                  ;
+---------------------------------+---------------------------------------------+
; Analysis & Synthesis Status     ; Successful - Fri Nov 01 16:26:51 2019       ;
; Quartus Prime Version           ; 18.0.0 Build 614 04/24/2018 SJ Lite Edition ;
; Revision Name                   ; DE1_SOC                                     ;
; Top-level Entity Name           ; Actividad2                                  ;
; Family                          ; Cyclone V                                   ;
; Logic utilization (in ALMs)     ; N/A                                         ;
; Total registers                 ; 70                                          ;
; Total pins                      ; 64                                          ;
; Total virtual pins              ; 0                                           ;
; Total block memory bits         ; 0                                           ;
; Total DSP Blocks                ; 0                                           ;
; Total HSSI RX PCSs              ; 0                                           ;
; Total HSSI PMA RX Deserializers ; 0                                           ;
; Total HSSI TX PCSs              ; 0                                           ;
; Total HSSI PMA TX Serializers   ; 0                                           ;
; Total PLLs                      ; 0                                           ;
; Total DLLs                      ; 0                                           ;
+---------------------------------+---------------------------------------------+


+---------------------------------------------------------------------------------------------------------------------------+
; Analysis & Synthesis Settings                                                                                             ;
+---------------------------------------------------------------------------------+--------------------+--------------------+
; Option                                                                          ; Setting            ; Default Value      ;
+---------------------------------------------------------------------------------+--------------------+--------------------+
; Device                                                                          ; 5CSEMA5F31C6       ;                    ;
; Top-level entity name                                                           ; Actividad2         ; DE1_SOC            ;
; Family name                                                                     ; Cyclone V          ; Cyclone V          ;
; Use smart compilation                                                           ; Off                ; Off                ;
; Enable parallel Assembler and Timing Analyzer during compilation                ; On                 ; On                 ;
; Enable compact report table                                                     ; Off                ; Off                ;
; Restructure Multiplexers                                                        ; Auto               ; Auto               ;
; MLAB Add Timing Constraints For Mixed-Port Feed-Through Mode Setting Don't Care ; Off                ; Off                ;
; Create Debugging Nodes for IP Cores                                             ; Off                ; Off                ;
; Preserve fewer node names                                                       ; On                 ; On                 ;
; Intel FPGA IP Evaluation Mode                                                   ; Enable             ; Enable             ;
; Verilog Version                                                                 ; Verilog_2001       ; Verilog_2001       ;
; VHDL Version                                                                    ; VHDL_1993          ; VHDL_1993          ;
; State Machine Processing                                                        ; Auto               ; Auto               ;
; Safe State Machine                                                              ; Off                ; Off                ;
; Extract Verilog State Machines                                                  ; On                 ; On                 ;
; Extract VHDL State Machines                                                     ; On                 ; On                 ;
; Ignore Verilog initial constructs                                               ; Off                ; Off                ;
; Iteration limit for constant Verilog loops                                      ; 5000               ; 5000               ;
; Iteration limit for non-constant Verilog loops                                  ; 250                ; 250                ;
; Add Pass-Through Logic to Inferred RAMs                                         ; On                 ; On                 ;
; Infer RAMs from Raw Logic                                                       ; On                 ; On                 ;
; Parallel Synthesis                                                              ; On                 ; On                 ;
; DSP Block Balancing                                                             ; Auto               ; Auto               ;
; NOT Gate Push-Back                                                              ; On                 ; On                 ;
; Power-Up Don't Care                                                             ; On                 ; On                 ;
; Remove Redundant Logic Cells                                                    ; Off                ; Off                ;
; Remove Duplicate Registers                                                      ; On                 ; On                 ;
; Ignore CARRY Buffers                                                            ; Off                ; Off                ;
; Ignore CASCADE Buffers                                                          ; Off                ; Off                ;
; Ignore GLOBAL Buffers                                                           ; Off                ; Off                ;
; Ignore ROW GLOBAL Buffers                                                       ; Off                ; Off                ;
; Ignore LCELL Buffers                                                            ; Off                ; Off                ;
; Ignore SOFT Buffers                                                             ; On                 ; On                 ;
; Limit AHDL Integers to 32 Bits                                                  ; Off                ; Off                ;
; Optimization Technique                                                          ; Balanced           ; Balanced           ;
; Carry Chain Length                                                              ; 70                 ; 70                 ;
; Auto Carry Chains                                                               ; On                 ; On                 ;
; Auto Open-Drain Pins                                                            ; On                 ; On                 ;
; Perform WYSIWYG Primitive Resynthesis                                           ; Off                ; Off                ;
; Auto ROM Replacement                                                            ; On                 ; On                 ;
; Auto RAM Replacement                                                            ; On                 ; On                 ;
; Auto DSP Block Replacement                                                      ; On                 ; On                 ;
; Auto Shift Register Replacement                                                 ; Auto               ; Auto               ;
; Allow Shift Register Merging across Hierarchies                                 ; Auto               ; Auto               ;
; Auto Clock Enable Replacement                                                   ; On                 ; On                 ;
; Strict RAM Replacement                                                          ; Off                ; Off                ;
; Allow Synchronous Control Signals                                               ; On                 ; On                 ;
; Force Use of Synchronous Clear Signals                                          ; Off                ; Off                ;
; Auto Resource Sharing                                                           ; Off                ; Off                ;
; Allow Any RAM Size For Recognition                                              ; Off                ; Off                ;
; Allow Any ROM Size For Recognition                                              ; Off                ; Off                ;
; Allow Any Shift Register Size For Recognition                                   ; Off                ; Off                ;
; Use LogicLock Constraints during Resource Balancing                             ; On                 ; On                 ;
; Ignore translate_off and synthesis_off directives                               ; Off                ; Off                ;
; Timing-Driven Synthesis                                                         ; On                 ; On                 ;
; Report Parameter Settings                                                       ; On                 ; On                 ;
; Report Source Assignments                                                       ; On                 ; On                 ;
; Report Connectivity Checks                                                      ; On                 ; On                 ;
; Ignore Maximum Fan-Out Assignments                                              ; Off                ; Off                ;
; Synchronization Register Chain Length                                           ; 3                  ; 3                  ;
; Power Optimization During Synthesis                                             ; Normal compilation ; Normal compilation ;
; HDL message level                                                               ; Level2             ; Level2             ;
; Suppress Register Optimization Related Messages                                 ; Off                ; Off                ;
; Number of Removed Registers Reported in Synthesis Report                        ; 5000               ; 5000               ;
; Number of Swept Nodes Reported in Synthesis Report                              ; 5000               ; 5000               ;
; Number of Inverted Registers Reported in Synthesis Report                       ; 100                ; 100                ;
; Clock MUX Protection                                                            ; On                 ; On                 ;
; Auto Gated Clock Conversion                                                     ; Off                ; Off                ;
; Block Design Naming                                                             ; Auto               ; Auto               ;
; SDC constraint protection                                                       ; Off                ; Off                ;
; Synthesis Effort                                                                ; Auto               ; Auto               ;
; Shift Register Replacement - Allow Asynchronous Clear Signal                    ; On                 ; On                 ;
; Pre-Mapping Resynthesis Optimization                                            ; Off                ; Off                ;
; Analysis & Synthesis Message Level                                              ; Medium             ; Medium             ;
; Disable Register Merging Across Hierarchies                                     ; Auto               ; Auto               ;
; Resource Aware Inference For Block RAM                                          ; On                 ; On                 ;
; Automatic Parallel Synthesis                                                    ; On                 ; On                 ;
; Partial Reconfiguration Bitstream ID                                            ; Off                ; Off                ;
+---------------------------------------------------------------------------------+--------------------+--------------------+


+------------------------------------------+
; Parallel Compilation                     ;
+----------------------------+-------------+
; Processors                 ; Number      ;
+----------------------------+-------------+
; Number detected on machine ; 4           ;
; Maximum allowed            ; 2           ;
;                            ;             ;
; Average used               ; 1.00        ;
; Maximum used               ; 2           ;
;                            ;             ;
; Usage by Processor         ; % Time Used ;
;     Processor 1            ; 100.0%      ;
;     Processor 2            ;   0.0%      ;
+----------------------------+-------------+


+-------------------------------------------------------------------------------------------------------------------------------------------------------------------------------------+
; Analysis & Synthesis Source Files Read                                                                                                                                              ;
+----------------------------------+-----------------+------------------------------+---------------------------------------------------------------------------------------+---------+
; File Name with User-Entered Path ; Used in Netlist ; File Type                    ; File Name with Absolute Path                                                          ; Library ;
+----------------------------------+-----------------+------------------------------+---------------------------------------------------------------------------------------+---------+
; A.v                              ; yes             ; User Verilog HDL File        ; C:/Users/brunn/Documents/UNS/SE/Laboratorios/Laboratorio 6/Actividad 2/A.v            ;         ;
; B.v                              ; yes             ; User Verilog HDL File        ; C:/Users/brunn/Documents/UNS/SE/Laboratorios/Laboratorio 6/Actividad 2/B.v            ;         ;
; D.v                              ; yes             ; User Verilog HDL File        ; C:/Users/brunn/Documents/UNS/SE/Laboratorios/Laboratorio 6/Actividad 2/D.v            ;         ;
; C.v                              ; yes             ; User Verilog HDL File        ; C:/Users/brunn/Documents/UNS/SE/Laboratorios/Laboratorio 6/Actividad 2/C.v            ;         ;
; DM1.v                            ; yes             ; User Verilog HDL File        ; C:/Users/brunn/Documents/UNS/SE/Laboratorios/Laboratorio 6/Actividad 2/DM1.v          ;         ;
; DM2.v                            ; yes             ; User Verilog HDL File        ; C:/Users/brunn/Documents/UNS/SE/Laboratorios/Laboratorio 6/Actividad 2/DM2.v          ;         ;
; contador.v                       ; yes             ; User Verilog HDL File        ; C:/Users/brunn/Documents/UNS/SE/Laboratorios/Laboratorio 6/Actividad 2/contador.v     ;         ;
; latch.v                          ; yes             ; User Verilog HDL File        ; C:/Users/brunn/Documents/UNS/SE/Laboratorios/Laboratorio 6/Actividad 2/latch.v        ;         ;
; MS.v                             ; yes             ; User Wizard-Generated File   ; C:/Users/brunn/Documents/UNS/SE/Laboratorios/Laboratorio 6/Actividad 2/MS.v           ;         ;
; BCD2HEX.v                        ; yes             ; User Verilog HDL File        ; C:/Users/brunn/Documents/UNS/SE/Laboratorios/Laboratorio 6/Actividad 2/BCD2HEX.v      ;         ;
; BIN2BCD.v                        ; yes             ; User Verilog HDL File        ; C:/Users/brunn/Documents/UNS/SE/Laboratorios/Laboratorio 6/Actividad 2/BIN2BCD.v      ;         ;
; CAdd.v                           ; yes             ; User Verilog HDL File        ; C:/Users/brunn/Documents/UNS/SE/Laboratorios/Laboratorio 6/Actividad 2/CAdd.v         ;         ;
; Actividad2.v                     ; yes             ; User Verilog HDL File        ; C:/Users/brunn/Documents/UNS/SE/Laboratorios/Laboratorio 6/Actividad 2/Actividad2.v   ;         ;
; lpm_mux.tdf                      ; yes             ; Megafunction                 ; c:/intelfpga_lite/18.0/quartus/libraries/megafunctions/lpm_mux.tdf                    ;         ;
; aglobal180.inc                   ; yes             ; Megafunction                 ; c:/intelfpga_lite/18.0/quartus/libraries/megafunctions/aglobal180.inc                 ;         ;
; muxlut.inc                       ; yes             ; Megafunction                 ; c:/intelfpga_lite/18.0/quartus/libraries/megafunctions/muxlut.inc                     ;         ;
; bypassff.inc                     ; yes             ; Megafunction                 ; c:/intelfpga_lite/18.0/quartus/libraries/megafunctions/bypassff.inc                   ;         ;
; altshift.inc                     ; yes             ; Megafunction                 ; c:/intelfpga_lite/18.0/quartus/libraries/megafunctions/altshift.inc                   ;         ;
; db/mux_8kc.tdf                   ; yes             ; Auto-Generated Megafunction  ; C:/Users/brunn/Documents/UNS/SE/Laboratorios/Laboratorio 6/Actividad 2/db/mux_8kc.tdf ;         ;
+----------------------------------+-----------------+------------------------------+---------------------------------------------------------------------------------------+---------+


+-----------------------------------------------------------------------+
; Analysis & Synthesis Resource Usage Summary                           ;
+---------------------------------------------+-------------------------+
; Resource                                    ; Usage                   ;
+---------------------------------------------+-------------------------+
; Estimate of Logic utilization (ALMs needed) ; 494                     ;
;                                             ;                         ;
; Combinational ALUT usage for logic          ; 667                     ;
;     -- 7 input functions                    ; 0                       ;
;     -- 6 input functions                    ; 312                     ;
;     -- 5 input functions                    ; 138                     ;
;     -- 4 input functions                    ; 184                     ;
;     -- <=3 input functions                  ; 33                      ;
;                                             ;                         ;
; Dedicated logic registers                   ; 70                      ;
;                                             ;                         ;
; I/O pins                                    ; 64                      ;
;                                             ;                         ;
; Total DSP Blocks                            ; 0                       ;
;                                             ;                         ;
; Maximum fan-out node                        ; contador:cout|salida[1] ;
; Maximum fan-out                             ; 25                      ;
; Total fan-out                               ; 3676                    ;
; Average fan-out                             ; 4.25                    ;
+---------------------------------------------+-------------------------+


+------------------------------------------------------------------------------------------------------------------------------------------------------------------------------------------------------------------------------------------------+
; Analysis & Synthesis Resource Utilization by Entity                                                                                                                                                                                            ;
+-----------------------------------+---------------------+---------------------------+-------------------+------------+------+--------------+----------------------------------------------------------------------+-------------+--------------+
; Compilation Hierarchy Node        ; Combinational ALUTs ; Dedicated Logic Registers ; Block Memory Bits ; DSP Blocks ; Pins ; Virtual Pins ; Full Hierarchy Name                                                  ; Entity Name ; Library Name ;
+-----------------------------------+---------------------+---------------------------+-------------------+------------+------+--------------+----------------------------------------------------------------------+-------------+--------------+
; |Actividad2                       ; 667 (0)             ; 70 (0)                    ; 0                 ; 0          ; 64   ; 0            ; |Actividad2                                                          ; Actividad2  ; work         ;
;    |BCD2HEX:bin2hexHunds|         ; 3 (3)               ; 0 (0)                     ; 0                 ; 0          ; 0    ; 0            ; |Actividad2|BCD2HEX:bin2hexHunds                                     ; BCD2HEX     ; work         ;
;    |BCD2HEX:bin2hexTens|          ; 7 (7)               ; 0 (0)                     ; 0                 ; 0          ; 0    ; 0            ; |Actividad2|BCD2HEX:bin2hexTens                                      ; BCD2HEX     ; work         ;
;    |BCD2HEX:bin2hexUnits|         ; 7 (7)               ; 0 (0)                     ; 0                 ; 0          ; 0    ; 0            ; |Actividad2|BCD2HEX:bin2hexUnits                                     ; BCD2HEX     ; work         ;
;    |BIN2BCD:bin2bcd|              ; 10 (0)              ; 0 (0)                     ; 0                 ; 0          ; 0    ; 0            ; |Actividad2|BIN2BCD:bin2bcd                                          ; BIN2BCD     ; work         ;
;       |CAdd:C3|                   ; 3 (3)               ; 0 (0)                     ; 0                 ; 0          ; 0    ; 0            ; |Actividad2|BIN2BCD:bin2bcd|CAdd:C3                                  ; CAdd        ; work         ;
;       |CAdd:C5|                   ; 4 (4)               ; 0 (0)                     ; 0                 ; 0          ; 0    ; 0            ; |Actividad2|BIN2BCD:bin2bcd|CAdd:C5                                  ; CAdd        ; work         ;
;       |CAdd:C7|                   ; 3 (3)               ; 0 (0)                     ; 0                 ; 0          ; 0    ; 0            ; |Actividad2|BIN2BCD:bin2bcd|CAdd:C7                                  ; CAdd        ; work         ;
;    |C:c1|                         ; 592 (0)             ; 0 (0)                     ; 0                 ; 0          ; 0    ; 0            ; |Actividad2|C:c1                                                     ; C           ; work         ;
;       |A:a0|                      ; 29 (29)             ; 0 (0)                     ; 0                 ; 0          ; 0    ; 0            ; |Actividad2|C:c1|A:a0                                                ; A           ; work         ;
;       |A:a1|                      ; 29 (29)             ; 0 (0)                     ; 0                 ; 0          ; 0    ; 0            ; |Actividad2|C:c1|A:a1                                                ; A           ; work         ;
;       |A:a2|                      ; 29 (29)             ; 0 (0)                     ; 0                 ; 0          ; 0    ; 0            ; |Actividad2|C:c1|A:a2                                                ; A           ; work         ;
;       |A:a3|                      ; 29 (29)             ; 0 (0)                     ; 0                 ; 0          ; 0    ; 0            ; |Actividad2|C:c1|A:a3                                                ; A           ; work         ;
;       |B:b0|                      ; 192 (0)             ; 0 (0)                     ; 0                 ; 0          ; 0    ; 0            ; |Actividad2|C:c1|B:b0                                                ; B           ; work         ;
;          |A:a0|                   ; 22 (22)             ; 0 (0)                     ; 0                 ; 0          ; 0    ; 0            ; |Actividad2|C:c1|B:b0|A:a0                                           ; A           ; work         ;
;          |A:a1|                   ; 22 (22)             ; 0 (0)                     ; 0                 ; 0          ; 0    ; 0            ; |Actividad2|C:c1|B:b0|A:a1                                           ; A           ; work         ;
;          |A:a2|                   ; 27 (27)             ; 0 (0)                     ; 0                 ; 0          ; 0    ; 0            ; |Actividad2|C:c1|B:b0|A:a2                                           ; A           ; work         ;
;          |A:a3|                   ; 27 (27)             ; 0 (0)                     ; 0                 ; 0          ; 0    ; 0            ; |Actividad2|C:c1|B:b0|A:a3                                           ; A           ; work         ;
;          |A:a4|                   ; 47 (47)             ; 0 (0)                     ; 0                 ; 0          ; 0    ; 0            ; |Actividad2|C:c1|B:b0|A:a4                                           ; A           ; work         ;
;          |A:a5|                   ; 47 (47)             ; 0 (0)                     ; 0                 ; 0          ; 0    ; 0            ; |Actividad2|C:c1|B:b0|A:a5                                           ; A           ; work         ;
;       |B:b1|                      ; 148 (0)             ; 0 (0)                     ; 0                 ; 0          ; 0    ; 0            ; |Actividad2|C:c1|B:b1                                                ; B           ; work         ;
;          |A:a0|                   ; 22 (22)             ; 0 (0)                     ; 0                 ; 0          ; 0    ; 0            ; |Actividad2|C:c1|B:b1|A:a0                                           ; A           ; work         ;
;          |A:a1|                   ; 22 (22)             ; 0 (0)                     ; 0                 ; 0          ; 0    ; 0            ; |Actividad2|C:c1|B:b1|A:a1                                           ; A           ; work         ;
;          |A:a2|                   ; 27 (27)             ; 0 (0)                     ; 0                 ; 0          ; 0    ; 0            ; |Actividad2|C:c1|B:b1|A:a2                                           ; A           ; work         ;
;          |A:a3|                   ; 27 (27)             ; 0 (0)                     ; 0                 ; 0          ; 0    ; 0            ; |Actividad2|C:c1|B:b1|A:a3                                           ; A           ; work         ;
;          |A:a4|                   ; 25 (25)             ; 0 (0)                     ; 0                 ; 0          ; 0    ; 0            ; |Actividad2|C:c1|B:b1|A:a4                                           ; A           ; work         ;
;          |A:a5|                   ; 25 (25)             ; 0 (0)                     ; 0                 ; 0          ; 0    ; 0            ; |Actividad2|C:c1|B:b1|A:a5                                           ; A           ; work         ;
;       |D:d0|                      ; 68 (0)              ; 0 (0)                     ; 0                 ; 0          ; 0    ; 0            ; |Actividad2|C:c1|D:d0                                                ; D           ; work         ;
;          |A:a0|                   ; 27 (27)             ; 0 (0)                     ; 0                 ; 0          ; 0    ; 0            ; |Actividad2|C:c1|D:d0|A:a0                                           ; A           ; work         ;
;          |A:a1|                   ; 25 (25)             ; 0 (0)                     ; 0                 ; 0          ; 0    ; 0            ; |Actividad2|C:c1|D:d0|A:a1                                           ; A           ; work         ;
;          |A:a2|                   ; 8 (8)               ; 0 (0)                     ; 0                 ; 0          ; 0    ; 0            ; |Actividad2|C:c1|D:d0|A:a2                                           ; A           ; work         ;
;          |A:a3|                   ; 8 (8)               ; 0 (0)                     ; 0                 ; 0          ; 0    ; 0            ; |Actividad2|C:c1|D:d0|A:a3                                           ; A           ; work         ;
;       |D:d1|                      ; 68 (0)              ; 0 (0)                     ; 0                 ; 0          ; 0    ; 0            ; |Actividad2|C:c1|D:d1                                                ; D           ; work         ;
;          |A:a0|                   ; 27 (27)             ; 0 (0)                     ; 0                 ; 0          ; 0    ; 0            ; |Actividad2|C:c1|D:d1|A:a0                                           ; A           ; work         ;
;          |A:a1|                   ; 27 (27)             ; 0 (0)                     ; 0                 ; 0          ; 0    ; 0            ; |Actividad2|C:c1|D:d1|A:a1                                           ; A           ; work         ;
;          |A:a2|                   ; 7 (7)               ; 0 (0)                     ; 0                 ; 0          ; 0    ; 0            ; |Actividad2|C:c1|D:d1|A:a2                                           ; A           ; work         ;
;          |A:a3|                   ; 7 (7)               ; 0 (0)                     ; 0                 ; 0          ; 0    ; 0            ; |Actividad2|C:c1|D:d1|A:a3                                           ; A           ; work         ;
;    |DM1:dm1|                      ; 8 (8)               ; 0 (0)                     ; 0                 ; 0          ; 0    ; 0            ; |Actividad2|DM1:dm1                                                  ; DM1         ; work         ;
;    |DM2:dm2|                      ; 8 (8)               ; 0 (0)                     ; 0                 ; 0          ; 0    ; 0            ; |Actividad2|DM2:dm2                                                  ; DM2         ; work         ;
;    |MS:ms_1|                      ; 26 (0)              ; 0 (0)                     ; 0                 ; 0          ; 0    ; 0            ; |Actividad2|MS:ms_1                                                  ; MS          ; work         ;
;       |lpm_mux:LPM_MUX_component| ; 26 (0)              ; 0 (0)                     ; 0                 ; 0          ; 0    ; 0            ; |Actividad2|MS:ms_1|lpm_mux:LPM_MUX_component                        ; lpm_mux     ; work         ;
;          |mux_8kc:auto_generated| ; 26 (26)             ; 0 (0)                     ; 0                 ; 0          ; 0    ; 0            ; |Actividad2|MS:ms_1|lpm_mux:LPM_MUX_component|mux_8kc:auto_generated ; mux_8kc     ; work         ;
;    |contador:cin|                 ; 3 (3)               ; 3 (3)                     ; 0                 ; 0          ; 0    ; 0            ; |Actividad2|contador:cin                                             ; contador    ; work         ;
;    |contador:cout|                ; 3 (3)               ; 3 (3)                     ; 0                 ; 0          ; 0    ; 0            ; |Actividad2|contador:cout                                            ; contador    ; work         ;
;    |registro:l0|                  ; 0 (0)               ; 8 (8)                     ; 0                 ; 0          ; 0    ; 0            ; |Actividad2|registro:l0                                              ; registro    ; work         ;
;    |registro:l1|                  ; 0 (0)               ; 8 (8)                     ; 0                 ; 0          ; 0    ; 0            ; |Actividad2|registro:l1                                              ; registro    ; work         ;
;    |registro:l2|                  ; 0 (0)               ; 8 (8)                     ; 0                 ; 0          ; 0    ; 0            ; |Actividad2|registro:l2                                              ; registro    ; work         ;
;    |registro:l3|                  ; 0 (0)               ; 8 (8)                     ; 0                 ; 0          ; 0    ; 0            ; |Actividad2|registro:l3                                              ; registro    ; work         ;
;    |registro:l4|                  ; 0 (0)               ; 8 (8)                     ; 0                 ; 0          ; 0    ; 0            ; |Actividad2|registro:l4                                              ; registro    ; work         ;
;    |registro:l5|                  ; 0 (0)               ; 8 (8)                     ; 0                 ; 0          ; 0    ; 0            ; |Actividad2|registro:l5                                              ; registro    ; work         ;
;    |registro:l6|                  ; 0 (0)               ; 8 (8)                     ; 0                 ; 0          ; 0    ; 0            ; |Actividad2|registro:l6                                              ; registro    ; work         ;
;    |registro:l7|                  ; 0 (0)               ; 8 (8)                     ; 0                 ; 0          ; 0    ; 0            ; |Actividad2|registro:l7                                              ; registro    ; work         ;
+-----------------------------------+---------------------+---------------------------+-------------------+------------+------+--------------+----------------------------------------------------------------------+-------------+--------------+
Note: For table entries with two numbers listed, the numbers in parentheses indicate the number of resources of the given type used by the specific entity alone. The numbers listed outside of parentheses indicate the total resources of the given type used by the specific entity and all of its sub-entities in the hierarchy.


+-------------------------------------------------------------------------------------------------------+
; Analysis & Synthesis IP Cores Summary                                                                 ;
+--------+--------------+---------+--------------+--------------+---------------------+-----------------+
; Vendor ; IP Core Name ; Version ; Release Date ; License Type ; Entity Instance     ; IP Include File ;
+--------+--------------+---------+--------------+--------------+---------------------+-----------------+
; Altera ; LPM_MUX      ; 18.0    ; N/A          ; N/A          ; |Actividad2|MS:ms_1 ; MS.v            ;
+--------+--------------+---------+--------------+--------------+---------------------+-----------------+


+------------------------------------------------------+
; General Register Statistics                          ;
+----------------------------------------------+-------+
; Statistic                                    ; Value ;
+----------------------------------------------+-------+
; Total registers                              ; 70    ;
; Number of registers using Synchronous Clear  ; 64    ;
; Number of registers using Synchronous Load   ; 0     ;
; Number of registers using Asynchronous Clear ; 0     ;
; Number of registers using Asynchronous Load  ; 0     ;
; Number of registers using Clock Enable       ; 0     ;
; Number of registers using Preset             ; 0     ;
+----------------------------------------------+-------+


+---------------------------------------------------------------------------------------------------------------------------------------------------------------------------------------------------------+
; Multiplexer Restructuring Statistics (Restructuring Performed)                                                                                                                                          ;
+--------------------+-----------+---------------+----------------------+------------------------+------------+-------------------------------------------------------------------------------------------+
; Multiplexer Inputs ; Bus Width ; Baseline Area ; Area if Restructured ; Saving if Restructured ; Registered ; Example Multiplexer Output                                                                ;
+--------------------+-----------+---------------+----------------------+------------------------+------------+-------------------------------------------------------------------------------------------+
; 16:1               ; 8 bits    ; 80 LEs        ; 40 LEs               ; 40 LEs                 ; No         ; |Actividad2|MS:ms_1|lpm_mux:LPM_MUX_component|mux_8kc:auto_generated|l3_w3_n0_mux_dataout ;
+--------------------+-----------+---------------+----------------------+------------------------+------------+-------------------------------------------------------------------------------------------+


+--------------------------------------------------------------------------------+
; Parameter Settings for User Entity Instance: MS:ms_1|lpm_mux:LPM_MUX_component ;
+------------------------+-----------+-------------------------------------------+
; Parameter Name         ; Value     ; Type                                      ;
+------------------------+-----------+-------------------------------------------+
; AUTO_CARRY_CHAINS      ; ON        ; AUTO_CARRY                                ;
; IGNORE_CARRY_BUFFERS   ; OFF       ; IGNORE_CARRY                              ;
; AUTO_CASCADE_CHAINS    ; ON        ; AUTO_CASCADE                              ;
; IGNORE_CASCADE_BUFFERS ; OFF       ; IGNORE_CASCADE                            ;
; LPM_WIDTH              ; 8         ; Signed Integer                            ;
; LPM_SIZE               ; 8         ; Signed Integer                            ;
; LPM_WIDTHS             ; 3         ; Signed Integer                            ;
; LPM_PIPELINE           ; 0         ; Untyped                                   ;
; CBXI_PARAMETER         ; mux_8kc   ; Untyped                                   ;
; DEVICE_FAMILY          ; Cyclone V ; Untyped                                   ;
+------------------------+-----------+-------------------------------------------+
Note: In order to hide this table in the UI and the text report file, please set the "Show Parameter Settings in Synthesis Report" option in "Analysis and Synthesis Settings -> More Settings" to "Off".


+------------------------------------------------------------------------------------------------------------------------------------------------------------------------------+
; Port Connectivity Checks: "BCD2HEX:bin2hexHunds"                                                                                                                             ;
+---------+-------+----------+-------------------------------------------------------------------------------------------------------------------------------------------------+
; Port    ; Type  ; Severity ; Details                                                                                                                                         ;
+---------+-------+----------+-------------------------------------------------------------------------------------------------------------------------------------------------+
; entrada ; Input ; Warning  ; Input port expression (2 bits) is smaller than the input port (4 bits) it drives.  Extra input bit(s) "entrada[3..2]" will be connected to GND. ;
+---------+-------+----------+-------------------------------------------------------------------------------------------------------------------------------------------------+


+-----------------------------------------------------+
; Port Connectivity Checks: "BIN2BCD:bin2bcd|CAdd:C6" ;
+------+-------+----------+---------------------------+
; Port ; Type  ; Severity ; Details                   ;
+------+-------+----------+---------------------------+
; A3   ; Input ; Info     ; Stuck at GND              ;
+------+-------+----------+---------------------------+


+-----------------------------------------------------+
; Port Connectivity Checks: "BIN2BCD:bin2bcd|CAdd:C1" ;
+------+-------+----------+---------------------------+
; Port ; Type  ; Severity ; Details                   ;
+------+-------+----------+---------------------------+
; A3   ; Input ; Info     ; Stuck at GND              ;
+------+-------+----------+---------------------------+


+-----------------------------------------------------+
; Post-Synthesis Netlist Statistics for Top Partition ;
+-----------------------+-----------------------------+
; Type                  ; Count                       ;
+-----------------------+-----------------------------+
; arriav_ff             ; 70                          ;
;     SCLR              ; 64                          ;
;     plain             ; 6                           ;
; arriav_lcell_comb     ; 672                         ;
;     normal            ; 672                         ;
;         0 data inputs ; 2                           ;
;         1 data inputs ; 5                           ;
;         2 data inputs ; 13                          ;
;         3 data inputs ; 18                          ;
;         4 data inputs ; 184                         ;
;         5 data inputs ; 138                         ;
;         6 data inputs ; 312                         ;
; boundary_port         ; 64                          ;
;                       ;                             ;
; Max LUT depth         ; 24.00                       ;
; Average LUT depth     ; 22.35                       ;
+-----------------------+-----------------------------+


+-------------------------------+
; Elapsed Time Per Partition    ;
+----------------+--------------+
; Partition Name ; Elapsed Time ;
+----------------+--------------+
; Top            ; 00:00:11     ;
+----------------+--------------+


+-------------------------------+
; Analysis & Synthesis Messages ;
+-------------------------------+
Info: *******************************************************************
Info: Running Quartus Prime Analysis & Synthesis
    Info: Version 18.0.0 Build 614 04/24/2018 SJ Lite Edition
    Info: Processing started: Fri Nov 01 16:26:16 2019
Info: Command: quartus_map --read_settings_files=on --write_settings_files=off DE1_SOC -c DE1_SOC
Warning (18236): Number of processors has not been specified which may cause overloading on shared machines.  Set the global assignment NUM_PARALLEL_PROCESSORS in your QSF to an appropriate value for best performance.
Info (20030): Parallel compilation is enabled and will use 2 of the 2 processors detected
Info (12021): Found 1 design units, including 1 entities, in source file a.v
    Info (12023): Found entity 1: A File: C:/Users/brunn/Documents/UNS/SE/Laboratorios/Laboratorio 6/Actividad 2/A.v Line: 4
Info (12021): Found 1 design units, including 1 entities, in source file b.v
    Info (12023): Found entity 1: B File: C:/Users/brunn/Documents/UNS/SE/Laboratorios/Laboratorio 6/Actividad 2/B.v Line: 4
Info (12021): Found 1 design units, including 1 entities, in source file d.v
    Info (12023): Found entity 1: D File: C:/Users/brunn/Documents/UNS/SE/Laboratorios/Laboratorio 6/Actividad 2/D.v Line: 4
Info (12021): Found 1 design units, including 1 entities, in source file c.v
    Info (12023): Found entity 1: C File: C:/Users/brunn/Documents/UNS/SE/Laboratorios/Laboratorio 6/Actividad 2/C.v Line: 4
Info (12021): Found 1 design units, including 1 entities, in source file dm1.v
    Info (12023): Found entity 1: DM1 File: C:/Users/brunn/Documents/UNS/SE/Laboratorios/Laboratorio 6/Actividad 2/DM1.v Line: 2
Info (12021): Found 1 design units, including 1 entities, in source file dm2.v
    Info (12023): Found entity 1: DM2 File: C:/Users/brunn/Documents/UNS/SE/Laboratorios/Laboratorio 6/Actividad 2/DM2.v Line: 2
Info (12021): Found 1 design units, including 1 entities, in source file contador.v
    Info (12023): Found entity 1: contador File: C:/Users/brunn/Documents/UNS/SE/Laboratorios/Laboratorio 6/Actividad 2/contador.v Line: 2
Info (12021): Found 1 design units, including 1 entities, in source file latch.v
    Info (12023): Found entity 1: registro File: C:/Users/brunn/Documents/UNS/SE/Laboratorios/Laboratorio 6/Actividad 2/latch.v Line: 3
Info (12021): Found 1 design units, including 1 entities, in source file ms.v
    Info (12023): Found entity 1: MS File: C:/Users/brunn/Documents/UNS/SE/Laboratorios/Laboratorio 6/Actividad 2/MS.v Line: 39
Info (12021): Found 1 design units, including 1 entities, in source file bcd2hex.v
    Info (12023): Found entity 1: BCD2HEX File: C:/Users/brunn/Documents/UNS/SE/Laboratorios/Laboratorio 6/Actividad 2/BCD2HEX.v Line: 2
Info (12021): Found 1 design units, including 1 entities, in source file bin2bcd.v
    Info (12023): Found entity 1: BIN2BCD File: C:/Users/brunn/Documents/UNS/SE/Laboratorios/Laboratorio 6/Actividad 2/BIN2BCD.v Line: 2
Info (12021): Found 1 design units, including 1 entities, in source file cadd.v
    Info (12023): Found entity 1: CAdd File: C:/Users/brunn/Documents/UNS/SE/Laboratorios/Laboratorio 6/Actividad 2/CAdd.v Line: 2
Info (12021): Found 1 design units, including 1 entities, in source file actividad2.v
    Info (12023): Found entity 1: Actividad2 File: C:/Users/brunn/Documents/UNS/SE/Laboratorios/Laboratorio 6/Actividad 2/Actividad2.v Line: 2
Info (12127): Elaborating entity "Actividad2" for the top level hierarchy
Info (12128): Elaborating entity "contador" for hierarchy "contador:cin" File: C:/Users/brunn/Documents/UNS/SE/Laboratorios/Laboratorio 6/Actividad 2/Actividad2.v Line: 69
Warning (10230): Verilog HDL assignment warning at contador.v(13): truncated value with size 32 to match size of target (3) File: C:/Users/brunn/Documents/UNS/SE/Laboratorios/Laboratorio 6/Actividad 2/contador.v Line: 13
Info (12128): Elaborating entity "DM1" for hierarchy "DM1:dm1" File: C:/Users/brunn/Documents/UNS/SE/Laboratorios/Laboratorio 6/Actividad 2/Actividad2.v Line: 81
Info (12128): Elaborating entity "DM2" for hierarchy "DM2:dm2" File: C:/Users/brunn/Documents/UNS/SE/Laboratorios/Laboratorio 6/Actividad 2/Actividad2.v Line: 91
Info (12128): Elaborating entity "registro" for hierarchy "registro:l0" File: C:/Users/brunn/Documents/UNS/SE/Laboratorios/Laboratorio 6/Actividad 2/Actividad2.v Line: 93
Info (12128): Elaborating entity "C" for hierarchy "C:c1" File: C:/Users/brunn/Documents/UNS/SE/Laboratorios/Laboratorio 6/Actividad 2/Actividad2.v Line: 125
Info (12128): Elaborating entity "B" for hierarchy "C:c1|B:b0" File: C:/Users/brunn/Documents/UNS/SE/Laboratorios/Laboratorio 6/Actividad 2/C.v Line: 38
Info (12128): Elaborating entity "A" for hierarchy "C:c1|B:b0|A:a0" File: C:/Users/brunn/Documents/UNS/SE/Laboratorios/Laboratorio 6/Actividad 2/B.v Line: 25
Info (12128): Elaborating entity "D" for hierarchy "C:c1|D:d0" File: C:/Users/brunn/Documents/UNS/SE/Laboratorios/Laboratorio 6/Actividad 2/C.v Line: 82
Info (12128): Elaborating entity "MS" for hierarchy "MS:ms_1" File: C:/Users/brunn/Documents/UNS/SE/Laboratorios/Laboratorio 6/Actividad 2/Actividad2.v Line: 137
Info (12128): Elaborating entity "lpm_mux" for hierarchy "MS:ms_1|lpm_mux:LPM_MUX_component" File: C:/Users/brunn/Documents/UNS/SE/Laboratorios/Laboratorio 6/Actividad 2/MS.v Line: 84
Info (12130): Elaborated megafunction instantiation "MS:ms_1|lpm_mux:LPM_MUX_component" File: C:/Users/brunn/Documents/UNS/SE/Laboratorios/Laboratorio 6/Actividad 2/MS.v Line: 84
Info (12133): Instantiated megafunction "MS:ms_1|lpm_mux:LPM_MUX_component" with the following parameter: File: C:/Users/brunn/Documents/UNS/SE/Laboratorios/Laboratorio 6/Actividad 2/MS.v Line: 84
    Info (12134): Parameter "lpm_size" = "8"
    Info (12134): Parameter "lpm_type" = "LPM_MUX"
    Info (12134): Parameter "lpm_width" = "8"
    Info (12134): Parameter "lpm_widths" = "3"
Info (12021): Found 1 design units, including 1 entities, in source file db/mux_8kc.tdf
    Info (12023): Found entity 1: mux_8kc File: C:/Users/brunn/Documents/UNS/SE/Laboratorios/Laboratorio 6/Actividad 2/db/mux_8kc.tdf Line: 22
Info (12128): Elaborating entity "mux_8kc" for hierarchy "MS:ms_1|lpm_mux:LPM_MUX_component|mux_8kc:auto_generated" File: c:/intelfpga_lite/18.0/quartus/libraries/megafunctions/lpm_mux.tdf Line: 86
Info (12128): Elaborating entity "BIN2BCD" for hierarchy "BIN2BCD:bin2bcd" File: C:/Users/brunn/Documents/UNS/SE/Laboratorios/Laboratorio 6/Actividad 2/Actividad2.v Line: 141
Info (12128): Elaborating entity "CAdd" for hierarchy "BIN2BCD:bin2bcd|CAdd:C1" File: C:/Users/brunn/Documents/UNS/SE/Laboratorios/Laboratorio 6/Actividad 2/BIN2BCD.v Line: 54
Info (12128): Elaborating entity "BCD2HEX" for hierarchy "BCD2HEX:bin2hexUnits" File: C:/Users/brunn/Documents/UNS/SE/Laboratorios/Laboratorio 6/Actividad 2/Actividad2.v Line: 143
Warning (12241): 1 hierarchies have connectivity warnings - see the Connectivity Checks report folder
Warning (13024): Output pins are stuck at VCC or GND
    Warning (13410): Pin "HEX2[1]" is stuck at GND File: C:/Users/brunn/Documents/UNS/SE/Laboratorios/Laboratorio 6/Actividad 2/Actividad2.v Line: 8
    Warning (13410): Pin "HEX3[0]" is stuck at VCC File: C:/Users/brunn/Documents/UNS/SE/Laboratorios/Laboratorio 6/Actividad 2/Actividad2.v Line: 9
    Warning (13410): Pin "HEX3[1]" is stuck at VCC File: C:/Users/brunn/Documents/UNS/SE/Laboratorios/Laboratorio 6/Actividad 2/Actividad2.v Line: 9
    Warning (13410): Pin "HEX3[2]" is stuck at VCC File: C:/Users/brunn/Documents/UNS/SE/Laboratorios/Laboratorio 6/Actividad 2/Actividad2.v Line: 9
    Warning (13410): Pin "HEX3[3]" is stuck at VCC File: C:/Users/brunn/Documents/UNS/SE/Laboratorios/Laboratorio 6/Actividad 2/Actividad2.v Line: 9
    Warning (13410): Pin "HEX3[4]" is stuck at VCC File: C:/Users/brunn/Documents/UNS/SE/Laboratorios/Laboratorio 6/Actividad 2/Actividad2.v Line: 9
    Warning (13410): Pin "HEX3[5]" is stuck at VCC File: C:/Users/brunn/Documents/UNS/SE/Laboratorios/Laboratorio 6/Actividad 2/Actividad2.v Line: 9
    Warning (13410): Pin "HEX3[6]" is stuck at VCC File: C:/Users/brunn/Documents/UNS/SE/Laboratorios/Laboratorio 6/Actividad 2/Actividad2.v Line: 9
    Warning (13410): Pin "HEX4[0]" is stuck at VCC File: C:/Users/brunn/Documents/UNS/SE/Laboratorios/Laboratorio 6/Actividad 2/Actividad2.v Line: 10
    Warning (13410): Pin "HEX4[1]" is stuck at VCC File: C:/Users/brunn/Documents/UNS/SE/Laboratorios/Laboratorio 6/Actividad 2/Actividad2.v Line: 10
    Warning (13410): Pin "HEX4[2]" is stuck at VCC File: C:/Users/brunn/Documents/UNS/SE/Laboratorios/Laboratorio 6/Actividad 2/Actividad2.v Line: 10
    Warning (13410): Pin "HEX4[3]" is stuck at VCC File: C:/Users/brunn/Documents/UNS/SE/Laboratorios/Laboratorio 6/Actividad 2/Actividad2.v Line: 10
    Warning (13410): Pin "HEX4[4]" is stuck at VCC File: C:/Users/brunn/Documents/UNS/SE/Laboratorios/Laboratorio 6/Actividad 2/Actividad2.v Line: 10
    Warning (13410): Pin "HEX4[5]" is stuck at VCC File: C:/Users/brunn/Documents/UNS/SE/Laboratorios/Laboratorio 6/Actividad 2/Actividad2.v Line: 10
    Warning (13410): Pin "HEX4[6]" is stuck at VCC File: C:/Users/brunn/Documents/UNS/SE/Laboratorios/Laboratorio 6/Actividad 2/Actividad2.v Line: 10
    Warning (13410): Pin "HEX5[0]" is stuck at VCC File: C:/Users/brunn/Documents/UNS/SE/Laboratorios/Laboratorio 6/Actividad 2/Actividad2.v Line: 11
    Warning (13410): Pin "HEX5[1]" is stuck at VCC File: C:/Users/brunn/Documents/UNS/SE/Laboratorios/Laboratorio 6/Actividad 2/Actividad2.v Line: 11
    Warning (13410): Pin "HEX5[2]" is stuck at VCC File: C:/Users/brunn/Documents/UNS/SE/Laboratorios/Laboratorio 6/Actividad 2/Actividad2.v Line: 11
    Warning (13410): Pin "HEX5[3]" is stuck at VCC File: C:/Users/brunn/Documents/UNS/SE/Laboratorios/Laboratorio 6/Actividad 2/Actividad2.v Line: 11
    Warning (13410): Pin "HEX5[4]" is stuck at VCC File: C:/Users/brunn/Documents/UNS/SE/Laboratorios/Laboratorio 6/Actividad 2/Actividad2.v Line: 11
    Warning (13410): Pin "HEX5[5]" is stuck at VCC File: C:/Users/brunn/Documents/UNS/SE/Laboratorios/Laboratorio 6/Actividad 2/Actividad2.v Line: 11
    Warning (13410): Pin "HEX5[6]" is stuck at VCC File: C:/Users/brunn/Documents/UNS/SE/Laboratorios/Laboratorio 6/Actividad 2/Actividad2.v Line: 11
    Warning (13410): Pin "LEDR[8]" is stuck at GND File: C:/Users/brunn/Documents/UNS/SE/Laboratorios/Laboratorio 6/Actividad 2/Actividad2.v Line: 17
    Warning (13410): Pin "LEDR[9]" is stuck at GND File: C:/Users/brunn/Documents/UNS/SE/Laboratorios/Laboratorio 6/Actividad 2/Actividad2.v Line: 17
Info (286030): Timing-Driven Synthesis is running
Info (16010): Generating hard_block partition "hard_block:auto_generated_inst"
    Info (16011): Adding 0 node(s), including 0 DDIO, 0 PLL, 0 transceiver and 0 LCELL
Warning (21074): Design contains 1 input pin(s) that do not drive logic
    Warning (15610): No output dependent on input pin "KEY[0]" File: C:/Users/brunn/Documents/UNS/SE/Laboratorios/Laboratorio 6/Actividad 2/Actividad2.v Line: 14
Info (21057): Implemented 795 device resources after synthesis - the final resource count might be different
    Info (21058): Implemented 12 input pins
    Info (21059): Implemented 52 output pins
    Info (21061): Implemented 731 logic cells
Info: Quartus Prime Analysis & Synthesis was successful. 0 errors, 30 warnings
    Info: Peak virtual memory: 4829 megabytes
    Info: Processing ended: Fri Nov 01 16:26:51 2019
    Info: Elapsed time: 00:00:35
    Info: Total CPU time (on all processors): 00:01:02


